<?xml version="1.0" encoding="UTF-8"?>
<!-- Generated by org.testng.reporters.JUnitReportReporter -->
<testsuite skipped="0" hostname="DESKTOP-02QTJU3" name="com.freeautomationlearning.Tutorial2" tests="1" failures="0" timestamp="30 Jun 2017 19:18:01 GMT" time="0.011" errors="0">
  <testcase name="firstTestNGRun" time="0.011" classname="com.freeautomationlearning.Tutorial2"/>
</testsuite> <!-- com.freeautomationlearning.Tutorial2 -->
