<?xml version="1.0" encoding="UTF-8"?>
<!-- Generated by org.testng.reporters.JUnitReportReporter -->
<testsuite skipped="0" hostname="DESKTOP-J2263UR" name="com.freeautomationlearning.Tutorial15" tests="1" failures="0" timestamp="17 Feb 2018 17:17:38 GMT" time="56.574" errors="0">
  <testcase name="getSoapResponse" time="56.574" classname="com.freeautomationlearning.Tutorial15"/>
</testsuite> <!-- com.freeautomationlearning.Tutorial15 -->
